<?xml version="1.0" encoding="UTF-8"?>
<testsuite name="br.com.actionlabs.carboncalc.calculator.CreateCalculatorCarbonUseCaseTest" tests="1" skipped="0" failures="0" errors="0" timestamp="2024-12-31T04:40:44" hostname="DESKTOP-IUG0UFS" time="0.265">
  <properties/>
  <testcase name="mustSuccessfullyCreateACarbonCalculator()" classname="br.com.actionlabs.carboncalc.calculator.CreateCalculatorCarbonUseCaseTest" time="0.265"/>
  <system-out><![CDATA[01:40:37.568 [Test worker] INFO org.springframework.test.context.support.AnnotationConfigContextLoaderUtils -- Could not detect default configuration classes for test class [br.com.actionlabs.carboncalc.calculator.CreateCalculatorCarbonUseCaseTest]: CreateCalculatorCarbonUseCaseTest does not declare any static, non-private, non-final, nested classes annotated with @Configuration.
01:40:37.769 [Test worker] INFO org.springframework.boot.test.context.SpringBootTestContextBootstrapper -- Found @SpringBootConfiguration br.com.actionlabs.carboncalc.CarbonCalculatorApplication for test class br.com.actionlabs.carboncalc.calculator.CreateCalculatorCarbonUseCaseTest

  .   ____          _            __ _ _
 /\\ / ___'_ __ _ _(_)_ __  __ _ \ \ \ \
( ( )\___ | '_ | '_| | '_ \/ _` | \ \ \ \
 \\/  ___)| |_)| | | | | || (_| |  ) ) ) )
  '  |____| .__|_| |_|_| |_\__, | / / / /
 =========|_|==============|___/=/_/_/_/

 :: Spring Boot ::                (v3.3.4)

2024-12-31T01:40:38.461-03:00  INFO 173508 --- [al-carbon-calculator] [    Test worker] .a.c.c.CreateCalculatorCarbonUseCaseTest : Starting CreateCalculatorCarbonUseCaseTest using Java 17.0.8.1 with PID 173508 (started by lucas in C:\CarbonCalculator\al-carbon-calc-server)
2024-12-31T01:40:38.463-03:00  INFO 173508 --- [al-carbon-calculator] [    Test worker] .a.c.c.CreateCalculatorCarbonUseCaseTest : The following 1 profile is active: "development"
2024-12-31T01:40:40.471-03:00  INFO 173508 --- [al-carbon-calculator] [    Test worker] .s.d.r.c.RepositoryConfigurationDelegate : Bootstrapping Spring Data MongoDB repositories in DEFAULT mode.
2024-12-31T01:40:40.574-03:00  INFO 173508 --- [al-carbon-calculator] [    Test worker] .s.d.r.c.RepositoryConfigurationDelegate : Finished Spring Data repository scanning in 93 ms. Found 4 MongoDB repository interfaces.
2024-12-31T01:40:41.334-03:00  INFO 173508 --- [al-carbon-calculator] [    Test worker] org.mongodb.driver.client                : MongoClient with metadata {"driver": {"name": "mongo-java-driver|sync|spring-boot", "version": "5.0.1"}, "os": {"type": "Windows", "name": "Windows 10", "architecture": "amd64", "version": "10.0"}, "platform": "Java/Amazon.com Inc./17.0.8.1+8-LTS"} created with settings MongoClientSettings{readPreference=primary, writeConcern=WriteConcern{w=null, wTimeout=null ms, journal=null}, retryWrites=true, retryReads=true, readConcern=ReadConcern{level=null}, credential=null, transportSettings=null, commandListeners=[], codecRegistry=ProvidersCodecRegistry{codecProviders=[ValueCodecProvider{}, BsonValueCodecProvider{}, DBRefCodecProvider{}, DBObjectCodecProvider{}, DocumentCodecProvider{}, CollectionCodecProvider{}, IterableCodecProvider{}, MapCodecProvider{}, GeoJsonCodecProvider{}, GridFSFileCodecProvider{}, Jsr310CodecProvider{}, JsonObjectCodecProvider{}, BsonCodecProvider{}, EnumCodecProvider{}, com.mongodb.client.model.mql.ExpressionCodecProvider@17d816b3, com.mongodb.Jep395RecordCodecProvider@126675fd, com.mongodb.KotlinCodecProvider@2c0dca15]}, loggerSettings=LoggerSettings{maxDocumentLength=1000}, clusterSettings={hosts=[localhost:27017], srvServiceName=mongodb, mode=SINGLE, requiredClusterType=UNKNOWN, requiredReplicaSetName='null', serverSelector='null', clusterListeners='[]', serverSelectionTimeout='30000 ms', localThreshold='15 ms'}, socketSettings=SocketSettings{connectTimeoutMS=10000, readTimeoutMS=0, receiveBufferSize=0, proxySettings=ProxySettings{host=null, port=null, username=null, password=null}}, heartbeatSocketSettings=SocketSettings{connectTimeoutMS=10000, readTimeoutMS=10000, receiveBufferSize=0, proxySettings=ProxySettings{host=null, port=null, username=null, password=null}}, connectionPoolSettings=ConnectionPoolSettings{maxSize=100, minSize=0, maxWaitTimeMS=120000, maxConnectionLifeTimeMS=0, maxConnectionIdleTimeMS=0, maintenanceInitialDelayMS=0, maintenanceFrequencyMS=60000, connectionPoolListeners=[], maxConnecting=2}, serverSettings=ServerSettings{heartbeatFrequencyMS=10000, minHeartbeatFrequencyMS=500, serverListeners='[]', serverMonitorListeners='[]'}, sslSettings=SslSettings{enabled=false, invalidHostNameAllowed=false, context=null}, applicationName='null', compressorList=[], uuidRepresentation=JAVA_LEGACY, serverApi=null, autoEncryptionSettings=null, dnsClient=null, inetAddressResolver=null, contextProvider=null}
2024-12-31T01:40:41.358-03:00  INFO 173508 --- [al-carbon-calculator] [localhost:27017] org.mongodb.driver.cluster               : Monitor thread successfully connected to server with description ServerDescription{address=localhost:27017, type=STANDALONE, state=CONNECTED, ok=true, minWireVersion=0, maxWireVersion=25, maxDocumentSize=16777216, logicalSessionTimeoutMinutes=30, roundTripTimeNanos=37793700}
2024-12-31T01:40:42.078-03:00  WARN 173508 --- [al-carbon-calculator] [    Test worker] .s.s.UserDetailsServiceAutoConfiguration : 

Using generated security password: f0ba72af-6cbb-4286-a765-1ea40cccd485

This generated password is for development use only. Your security configuration must be updated before running your application in production.

2024-12-31T01:40:42.112-03:00  INFO 173508 --- [al-carbon-calculator] [    Test worker] r$InitializeUserDetailsManagerConfigurer : Global AuthenticationManager configured with UserDetailsService bean with name inMemoryUserDetailsManager
2024-12-31T01:40:43.122-03:00  INFO 173508 --- [al-carbon-calculator] [    Test worker] .a.c.c.CreateCalculatorCarbonUseCaseTest : Started CreateCalculatorCarbonUseCaseTest in 5.102 seconds (process running for 6.763)
]]></system-out>
  <system-err><![CDATA[]]></system-err>
</testsuite>
